<?xml version="1.0" encoding="UTF-8"?>
<!-- Generated by org.testng.reporters.JUnitXMLReporter -->
<testsuite ignored="0" hostname="DESKTOP-5JJ3FQM" failures="0" tests="3" name="Default test" time="8.882" errors="0" timestamp="2023-09-24T20:39:42 IST">
  <testcase classname="api.test.DDTests" name="testPostMultipleUser" time="4.805"/>
  <testcase classname="api.test.DDTests" name="testPostMultipleUser" time="1.603"/>
  <testcase classname="api.test.DDTests" name="testPostMultipleUser" time="1.226"/>
</testsuite> <!-- Default test -->
