<?xml version="1.0" encoding="UTF-8"?>
<!-- Generated by org.testng.reporters.JUnitXMLReporter -->
<testsuite ignored="0" hostname="DESKTOP-5JJ3FQM" failures="0" tests="3" name="Default test" time="8.538" errors="0" timestamp="2023-09-24T16:53:39 IST">
  <testcase classname="api.test.UserTests" name="testGetUser" time="4.152"/>
  <testcase classname="api.test.UserTests" name="testPostUser" time="2.167"/>
  <testcase classname="api.test.UserTests" name="testPutUser" time="1.564"/>
</testsuite> <!-- Default test -->
