<?xml version="1.0" encoding="UTF-8"?>
<!-- Generated by org.testng.reporters.JUnitXMLReporter -->
<testsuite ignored="0" hostname="DESKTOP-5JJ3FQM" failures="0" tests="8" name="Test" time="20.599" errors="0" timestamp="2023-09-24T20:29:54 IST">
  <testcase classname="api.test.DDTests" name="testPostMultipleUser" time="7.245"/>
  <testcase classname="api.test.DDTests" name="testPostMultipleUser" time="2.415"/>
  <testcase classname="api.test.DDTests" name="testPostMultipleUser" time="1.598"/>
  <testcase classname="api.test.DDTests" name="testPostMultipleUser" time="1.232"/>
  <testcase classname="api.test.DDTests" name="testPostMultipleUser" time="1.333"/>
  <testcase classname="api.test.DDTests" name="testPostMultipleUser" time="1.704"/>
  <testcase classname="api.test.DDTests" name="testPostMultipleUser" time="1.732"/>
  <testcase classname="api.test.DDTests" name="testPostMultipleUser" time="1.715"/>
</testsuite> <!-- Test -->
