<?xml version="1.0" encoding="UTF-8"?>
<!-- Generated by org.testng.reporters.JUnitXMLReporter -->
<testsuite ignored="0" hostname="DESKTOP-5JJ3FQM" failures="0" tests="3" name="Test" time="12.199" errors="0" timestamp="2023-09-26T22:52:59 IST">
  <testcase classname="api.test.DDTests" name="testPostMultipleUser" time="6.042"/>
  <testcase classname="api.test.DDTests" name="testPostMultipleUser" time="1.58"/>
  <testcase classname="api.test.DDTests" name="testPostMultipleUser" time="1.53"/>
</testsuite> <!-- Test -->
