<?xml version="1.0" encoding="UTF-8"?>
<testng-results ignored="0" total="3" passed="3" failed="0" skipped="0">
  <reporter-output>
  </reporter-output>
  <suite started-at="2023-09-26T22:52:47 IST" name="Suite" finished-at="2023-09-26T22:52:59 IST" duration-ms="12199">
    <groups>
    </groups>
    <test started-at="2023-09-26T22:52:47 IST" name="Test" finished-at="2023-09-26T22:52:59 IST" duration-ms="12199">
      <class name="api.test.DDTests">
        <test-method signature="testPostMultipleUser(java.lang.String,java.lang.String,java.lang.String,java.lang.String,java.lang.String,java.lang.String,java.lang.String)[pri:0, instance:api.test.DDTests@2667f029]" started-at="2023-09-26T22:52:50 IST" name="testPostMultipleUser" data-provider="Data" finished-at="2023-09-26T22:52:56 IST" duration-ms="6042" status="PASS">
          <params>
            <param index="0">
              <value>
                <![CDATA[1010]]>
              </value>
            </param>
            <param index="1">
              <value>
                <![CDATA[testuser1]]>
              </value>
            </param>
            <param index="2">
              <value>
                <![CDATA[test]]>
              </value>
            </param>
            <param index="3">
              <value>
                <![CDATA[user1]]>
              </value>
            </param>
            <param index="4">
              <value>
                <![CDATA[testuser1@gmail.com]]>
              </value>
            </param>
            <param index="5">
              <value>
                <![CDATA[123]]>
              </value>
            </param>
            <param index="6">
              <value>
                <![CDATA[9876541231]]>
              </value>
            </param>
          </params>
          <reporter-output>
          </reporter-output>
        </test-method> <!-- testPostMultipleUser -->
        <test-method signature="testPostMultipleUser(java.lang.String,java.lang.String,java.lang.String,java.lang.String,java.lang.String,java.lang.String,java.lang.String)[pri:0, instance:api.test.DDTests@2667f029]" started-at="2023-09-26T22:52:56 IST" name="testPostMultipleUser" data-provider="Data" finished-at="2023-09-26T22:52:58 IST" duration-ms="1580" status="PASS">
          <params>
            <param index="0">
              <value>
                <![CDATA[1011]]>
              </value>
            </param>
            <param index="1">
              <value>
                <![CDATA[testuser2]]>
              </value>
            </param>
            <param index="2">
              <value>
                <![CDATA[test]]>
              </value>
            </param>
            <param index="3">
              <value>
                <![CDATA[user2]]>
              </value>
            </param>
            <param index="4">
              <value>
                <![CDATA[testuser2@gmail.com]]>
              </value>
            </param>
            <param index="5">
              <value>
                <![CDATA[231]]>
              </value>
            </param>
            <param index="6">
              <value>
                <![CDATA[9313343212]]>
              </value>
            </param>
          </params>
          <reporter-output>
          </reporter-output>
        </test-method> <!-- testPostMultipleUser -->
        <test-method signature="testPostMultipleUser(java.lang.String,java.lang.String,java.lang.String,java.lang.String,java.lang.String,java.lang.String,java.lang.String)[pri:0, instance:api.test.DDTests@2667f029]" started-at="2023-09-26T22:52:58 IST" name="testPostMultipleUser" data-provider="Data" finished-at="2023-09-26T22:52:59 IST" duration-ms="1530" status="PASS">
          <params>
            <param index="0">
              <value>
                <![CDATA[1012]]>
              </value>
            </param>
            <param index="1">
              <value>
                <![CDATA[testuser3]]>
              </value>
            </param>
            <param index="2">
              <value>
                <![CDATA[test]]>
              </value>
            </param>
            <param index="3">
              <value>
                <![CDATA[user3]]>
              </value>
            </param>
            <param index="4">
              <value>
                <![CDATA[testuser3@gmail.com]]>
              </value>
            </param>
            <param index="5">
              <value>
                <![CDATA[321]]>
              </value>
            </param>
            <param index="6">
              <value>
                <![CDATA[6313141313]]>
              </value>
            </param>
          </params>
          <reporter-output>
          </reporter-output>
        </test-method> <!-- testPostMultipleUser -->
      </class> <!-- api.test.DDTests -->
    </test> <!-- Test -->
  </suite> <!-- Suite -->
</testng-results>
